2025-11-20T21:09:25.467590Z Building mapping from ALL parquet: data/processed/ALL_youtube_trending_data.parquet
2025-11-20T21:09:25.474879Z Schema has video_id=True, country_code=True, using columns=['video_id', 'country_code']
2025-11-20T21:09:25.881602Z scanned 50000 rows, mapping size=7899
2025-11-20T21:09:26.147616Z scanned 100000 rows, mapping size=15378
2025-11-20T21:09:26.375956Z scanned 150000 rows, mapping size=23419
2025-11-20T21:09:26.601581Z scanned 200000 rows, mapping size=30331
2025-11-20T21:09:26.825595Z scanned 250000 rows, mapping size=37231
2025-11-20T21:09:27.066896Z scanned 300000 rows, mapping size=45228
2025-11-20T21:09:27.292869Z scanned 350000 rows, mapping size=53731
2025-11-20T21:09:27.521529Z scanned 400000 rows, mapping size=63764
2025-11-20T21:09:27.756208Z scanned 450000 rows, mapping size=73097
2025-11-20T21:09:27.977591Z scanned 500000 rows, mapping size=81478
2025-11-20T21:09:28.213114Z scanned 550000 rows, mapping size=89469
2025-11-20T21:09:28.443283Z scanned 600000 rows, mapping size=98943
2025-11-20T21:09:28.671383Z scanned 650000 rows, mapping size=107330
2025-11-20T21:09:28.900073Z scanned 700000 rows, mapping size=114329
2025-11-20T21:09:29.131145Z scanned 750000 rows, mapping size=121246
2025-11-20T21:09:29.374791Z scanned 800000 rows, mapping size=127950
2025-11-20T21:09:29.614061Z scanned 850000 rows, mapping size=136488
2025-11-20T21:09:29.839653Z scanned 900000 rows, mapping size=144269
2025-11-20T21:09:30.069996Z scanned 950000 rows, mapping size=153013
2025-11-20T21:09:30.299292Z scanned 1000000 rows, mapping size=161931
2025-11-20T21:09:38.677139Z Finished building mapping: total scanned=2905678, mapping size=488876
2025-11-20T21:09:38.682379Z Annotating candidates file and writing output: data/processed/candidates_with_country.parquet
2025-11-20T21:09:39.048446Z wrote 10 batches, total_rows=4267, assigned=0
2025-11-20T21:09:39.269529Z wrote 20 batches, total_rows=8530, assigned=0
2025-11-20T21:09:39.484107Z wrote 30 batches, total_rows=12270, assigned=0
2025-11-20T21:09:39.679134Z wrote 40 batches, total_rows=16155, assigned=0
2025-11-20T21:09:39.756417Z wrote 50 batches, total_rows=19386, assigned=0
2025-11-20T21:09:39.985291Z wrote 60 batches, total_rows=22504, assigned=0
2025-11-20T21:09:40.264729Z wrote 70 batches, total_rows=26132, assigned=0
2025-11-20T21:09:40.629881Z wrote 80 batches, total_rows=30173, assigned=0
2025-11-20T21:09:40.691522Z wrote 90 batches, total_rows=33996, assigned=0
2025-11-20T21:09:40.757928Z wrote 100 batches, total_rows=38461, assigned=0
2025-11-20T21:09:40.825263Z wrote 110 batches, total_rows=43413, assigned=0
2025-11-20T21:09:40.897375Z wrote 120 batches, total_rows=48651, assigned=0
2025-11-20T21:09:40.967062Z wrote 130 batches, total_rows=53757, assigned=0
2025-11-20T21:09:41.050122Z wrote 140 batches, total_rows=59501, assigned=0
2025-11-20T21:09:41.147491Z wrote 150 batches, total_rows=66270, assigned=0
2025-11-20T21:09:41.235863Z wrote 160 batches, total_rows=72361, assigned=0
2025-11-20T21:09:41.322008Z wrote 170 batches, total_rows=78518, assigned=0
2025-11-20T21:09:41.411851Z wrote 180 batches, total_rows=84888, assigned=0
2025-11-20T21:09:41.493454Z wrote 190 batches, total_rows=90521, assigned=0
2025-11-20T21:09:41.579605Z wrote 200 batches, total_rows=96520, assigned=0
2025-11-20T21:09:41.674474Z wrote 210 batches, total_rows=102862, assigned=0
2025-11-20T21:09:41.766343Z wrote 220 batches, total_rows=109150, assigned=0
2025-11-20T21:09:41.853291Z wrote 230 batches, total_rows=115615, assigned=0
2025-11-20T21:09:41.944222Z wrote 240 batches, total_rows=122258, assigned=0
2025-11-20T21:09:42.039633Z wrote 250 batches, total_rows=129182, assigned=0
2025-11-20T21:09:42.131045Z wrote 260 batches, total_rows=135857, assigned=0
2025-11-20T21:09:42.227840Z wrote 270 batches, total_rows=142791, assigned=0
2025-11-20T21:09:42.307978Z wrote 280 batches, total_rows=148197, assigned=0
2025-11-20T21:09:42.379182Z wrote 290 batches, total_rows=153108, assigned=0
2025-11-20T21:09:42.456105Z wrote 300 batches, total_rows=158170, assigned=0
2025-11-20T21:09:42.537619Z wrote 310 batches, total_rows=163663, assigned=0
2025-11-20T21:09:42.614652Z wrote 320 batches, total_rows=168818, assigned=0
2025-11-20T21:09:42.689806Z wrote 330 batches, total_rows=173742, assigned=0
2025-11-20T21:09:42.771757Z wrote 340 batches, total_rows=179299, assigned=0
2025-11-20T21:09:42.858519Z wrote 350 batches, total_rows=185205, assigned=0
2025-11-20T21:09:42.938084Z wrote 360 batches, total_rows=190687, assigned=0
2025-11-20T21:09:43.025767Z wrote 370 batches, total_rows=196747, assigned=0
2025-11-20T21:09:43.109726Z wrote 380 batches, total_rows=202505, assigned=0
2025-11-20T21:09:43.196510Z wrote 390 batches, total_rows=208860, assigned=0
2025-11-20T21:09:43.280970Z wrote 400 batches, total_rows=214711, assigned=0
2025-11-20T21:09:43.359502Z wrote 410 batches, total_rows=220167, assigned=0
2025-11-20T21:09:43.439801Z wrote 420 batches, total_rows=225502, assigned=0
2025-11-20T21:09:43.517854Z wrote 430 batches, total_rows=230936, assigned=0
2025-11-20T21:09:43.594526Z wrote 440 batches, total_rows=235868, assigned=0
2025-11-20T21:09:43.672879Z wrote 450 batches, total_rows=241033, assigned=0
2025-11-20T21:09:43.751260Z wrote 460 batches, total_rows=246186, assigned=0
2025-11-20T21:09:43.834309Z wrote 470 batches, total_rows=251679, assigned=0
2025-11-20T21:09:43.913375Z wrote 480 batches, total_rows=256912, assigned=0
2025-11-20T21:09:43.997959Z wrote 490 batches, total_rows=262842, assigned=0
2025-11-20T21:09:44.081139Z wrote 500 batches, total_rows=268675, assigned=0
2025-11-20T21:09:44.166675Z wrote 510 batches, total_rows=274661, assigned=0
2025-11-20T21:09:44.261006Z wrote 520 batches, total_rows=281189, assigned=0
2025-11-20T21:09:44.348155Z wrote 530 batches, total_rows=287373, assigned=0
2025-11-20T21:09:44.440382Z wrote 540 batches, total_rows=294317, assigned=0
2025-11-20T21:09:44.538405Z wrote 550 batches, total_rows=301736, assigned=0
2025-11-20T21:09:44.634284Z wrote 560 batches, total_rows=308648, assigned=0
2025-11-20T21:09:44.732672Z wrote 570 batches, total_rows=316031, assigned=0
2025-11-20T21:09:44.835438Z wrote 580 batches, total_rows=323335, assigned=0
2025-11-20T21:09:44.927965Z wrote 590 batches, total_rows=329752, assigned=0
2025-11-20T21:09:45.016168Z wrote 600 batches, total_rows=336201, assigned=0
2025-11-20T21:09:45.107696Z wrote 610 batches, total_rows=343452, assigned=0
2025-11-20T21:09:45.201285Z wrote 620 batches, total_rows=350488, assigned=0
2025-11-20T21:09:45.302295Z wrote 630 batches, total_rows=357654, assigned=0
2025-11-20T21:09:45.405287Z wrote 640 batches, total_rows=365066, assigned=0
2025-11-20T21:09:45.507364Z wrote 650 batches, total_rows=372631, assigned=0
2025-11-20T21:09:45.606131Z wrote 660 batches, total_rows=380140, assigned=0
2025-11-20T21:09:45.713498Z wrote 670 batches, total_rows=387914, assigned=0
2025-11-20T21:09:45.789591Z wrote 680 batches, total_rows=393077, assigned=0
2025-11-20T21:09:45.863700Z wrote 690 batches, total_rows=398144, assigned=0
2025-11-20T21:09:45.942565Z wrote 700 batches, total_rows=403059, assigned=0
2025-11-20T21:09:46.022431Z wrote 710 batches, total_rows=408436, assigned=0
2025-11-20T21:09:46.097743Z wrote 720 batches, total_rows=412961, assigned=0
2025-11-20T21:09:46.157536Z wrote 730 batches, total_rows=416546, assigned=0
2025-11-20T21:09:46.216597Z wrote 740 batches, total_rows=420237, assigned=0
2025-11-20T21:09:46.280315Z wrote 750 batches, total_rows=424063, assigned=0
2025-11-20T21:09:46.360654Z wrote 760 batches, total_rows=429405, assigned=0
2025-11-20T21:09:46.442484Z wrote 770 batches, total_rows=434640, assigned=0
2025-11-20T21:09:46.522613Z wrote 780 batches, total_rows=439763, assigned=0
2025-11-20T21:09:46.603468Z wrote 790 batches, total_rows=444860, assigned=0
2025-11-20T21:09:46.673545Z wrote 800 batches, total_rows=449392, assigned=0
2025-11-20T21:09:46.714863Z wrote 810 batches, total_rows=451844, assigned=0
2025-11-20T21:09:46.760256Z wrote 820 batches, total_rows=454414, assigned=0
2025-11-20T21:09:46.801980Z wrote 830 batches, total_rows=456840, assigned=0
2025-11-20T21:09:46.850206Z wrote 840 batches, total_rows=459660, assigned=0
2025-11-20T21:09:46.894002Z wrote 850 batches, total_rows=462345, assigned=0
2025-11-20T21:09:46.937198Z wrote 860 batches, total_rows=464798, assigned=0
2025-11-20T21:09:46.991045Z wrote 870 batches, total_rows=467866, assigned=0
2025-11-20T21:09:47.041253Z wrote 880 batches, total_rows=470871, assigned=0
2025-11-20T21:09:47.094103Z wrote 890 batches, total_rows=474081, assigned=0
2025-11-20T21:09:47.151291Z wrote 900 batches, total_rows=477663, assigned=0
2025-11-20T21:09:47.217273Z wrote 910 batches, total_rows=481093, assigned=0
2025-11-20T21:09:47.273669Z wrote 920 batches, total_rows=484488, assigned=0
2025-11-20T21:09:47.326182Z wrote 930 batches, total_rows=487720, assigned=0
2025-11-20T21:09:47.372993Z wrote 940 batches, total_rows=490444, assigned=0
2025-11-20T21:09:47.421229Z wrote 950 batches, total_rows=493248, assigned=0
2025-11-20T21:09:47.461576Z wrote 960 batches, total_rows=495750, assigned=0
2025-11-20T21:09:47.521747Z wrote 970 batches, total_rows=499708, assigned=0
2025-11-20T21:09:47.568210Z wrote 980 batches, total_rows=502570, assigned=0
2025-11-20T21:09:47.613283Z wrote 990 batches, total_rows=505432, assigned=0
2025-11-20T21:09:47.662016Z wrote 1000 batches, total_rows=508404, assigned=0
2025-11-20T21:09:47.707702Z wrote 1010 batches, total_rows=511219, assigned=0
2025-11-20T21:09:47.754182Z wrote 1020 batches, total_rows=514073, assigned=0
2025-11-20T21:09:47.794327Z wrote 1030 batches, total_rows=516446, assigned=0
2025-11-20T21:09:47.835090Z wrote 1040 batches, total_rows=518977, assigned=0
2025-11-20T21:09:47.879903Z wrote 1050 batches, total_rows=521759, assigned=0
2025-11-20T21:09:47.930260Z wrote 1060 batches, total_rows=524929, assigned=0
2025-11-20T21:09:47.991322Z wrote 1070 batches, total_rows=527777, assigned=0
2025-11-20T21:09:48.058733Z wrote 1080 batches, total_rows=532471, assigned=0
2025-11-20T21:09:48.125456Z wrote 1090 batches, total_rows=537143, assigned=0
2025-11-20T21:09:48.187632Z wrote 1100 batches, total_rows=541362, assigned=0
2025-11-20T21:09:48.253453Z wrote 1110 batches, total_rows=545752, assigned=0
2025-11-20T21:09:48.307554Z wrote 1120 batches, total_rows=549252, assigned=0
2025-11-20T21:09:48.362547Z wrote 1130 batches, total_rows=552888, assigned=0
2025-11-20T21:09:48.426649Z wrote 1140 batches, total_rows=557374, assigned=0
2025-11-20T21:09:48.486291Z wrote 1150 batches, total_rows=561660, assigned=0
2025-11-20T21:09:48.553061Z wrote 1160 batches, total_rows=566317, assigned=0
2025-11-20T21:09:48.621007Z wrote 1170 batches, total_rows=570872, assigned=0
2025-11-20T21:09:48.693088Z wrote 1180 batches, total_rows=575834, assigned=0
2025-11-20T21:09:48.765738Z wrote 1190 batches, total_rows=580651, assigned=0
2025-11-20T21:09:48.832577Z wrote 1200 batches, total_rows=584913, assigned=0
2025-11-20T21:09:49.041403Z wrote 1210 batches, total_rows=589705, assigned=0
2025-11-20T21:09:49.137281Z wrote 1220 batches, total_rows=594449, assigned=0
2025-11-20T21:09:49.232202Z wrote 1230 batches, total_rows=599223, assigned=0
2025-11-20T21:09:49.342288Z wrote 1240 batches, total_rows=604691, assigned=0
2025-11-20T21:09:49.444463Z wrote 1250 batches, total_rows=609382, assigned=0
2025-11-20T21:09:49.531479Z wrote 1260 batches, total_rows=613359, assigned=0
2025-11-20T21:09:49.610582Z wrote 1270 batches, total_rows=617053, assigned=0
2025-11-20T21:09:49.690927Z wrote 1280 batches, total_rows=620900, assigned=0
2025-11-20T21:09:49.769853Z wrote 1290 batches, total_rows=624786, assigned=0
2025-11-20T21:09:49.849794Z wrote 1300 batches, total_rows=628622, assigned=0
2025-11-20T21:09:49.924901Z wrote 1310 batches, total_rows=632419, assigned=0
2025-11-20T21:09:49.985526Z wrote 1320 batches, total_rows=635394, assigned=0
2025-11-20T21:09:50.081847Z wrote 1330 batches, total_rows=641688, assigned=0
2025-11-20T21:09:50.175905Z wrote 1340 batches, total_rows=648027, assigned=0
2025-11-20T21:09:50.264168Z wrote 1350 batches, total_rows=653963, assigned=0
2025-11-20T21:09:50.361030Z wrote 1360 batches, total_rows=660315, assigned=0
2025-11-20T21:09:50.451907Z wrote 1370 batches, total_rows=666257, assigned=0
2025-11-20T21:09:50.534746Z wrote 1380 batches, total_rows=671864, assigned=0
2025-11-20T21:09:50.621874Z wrote 1390 batches, total_rows=678040, assigned=0
2025-11-20T21:09:50.707696Z wrote 1400 batches, total_rows=684095, assigned=0
2025-11-20T21:09:50.788025Z wrote 1410 batches, total_rows=690198, assigned=0
2025-11-20T21:09:50.875126Z wrote 1420 batches, total_rows=696501, assigned=0
2025-11-20T21:09:50.958967Z wrote 1430 batches, total_rows=702500, assigned=0
2025-11-20T21:09:51.049185Z wrote 1440 batches, total_rows=709579, assigned=0
2025-11-20T21:09:51.138964Z wrote 1450 batches, total_rows=716000, assigned=0
2025-11-20T21:09:51.276388Z Done annotate: total_rows=718794, assigned=0
